c:\users\administrator\documents\visual studio 2013\projects\newservice\newservice\debug\newservice.pch
c:\users\administrator\documents\visual studio 2013\projects\newservice\newservice\debug\vc120.pdb
c:\users\administrator\documents\visual studio 2013\projects\newservice\newservice\debug\vc120.idb
c:\users\administrator\documents\visual studio 2013\projects\newservice\newservice\debug\stdafx.obj
c:\users\administrator\documents\visual studio 2013\projects\newservice\newservice\debug\newservice.obj
c:\users\administrator\documents\visual studio 2013\projects\newservice\debug\newservice.pdb
c:\users\administrator\documents\visual studio 2013\projects\newservice\newservice\debug\newservice.tlog\cl.command.1.tlog
c:\users\administrator\documents\visual studio 2013\projects\newservice\newservice\debug\newservice.tlog\cl.read.1.tlog
c:\users\administrator\documents\visual studio 2013\projects\newservice\newservice\debug\newservice.tlog\cl.write.1.tlog
c:\users\administrator\documents\visual studio 2013\projects\newservice\newservice\debug\newservice.tlog\link-cvtres.read.1.tlog
c:\users\administrator\documents\visual studio 2013\projects\newservice\newservice\debug\newservice.tlog\link-cvtres.write.1.tlog
c:\users\administrator\documents\visual studio 2013\projects\newservice\newservice\debug\newservice.tlog\link-rc.read.1.tlog
c:\users\administrator\documents\visual studio 2013\projects\newservice\newservice\debug\newservice.tlog\link-rc.write.1.tlog
c:\users\administrator\documents\visual studio 2013\projects\newservice\newservice\debug\newservice.tlog\link.8372-cvtres.read.1.tlog
c:\users\administrator\documents\visual studio 2013\projects\newservice\newservice\debug\newservice.tlog\link.8372-cvtres.write.1.tlog
c:\users\administrator\documents\visual studio 2013\projects\newservice\newservice\debug\newservice.tlog\link.8372-rc.read.1.tlog
c:\users\administrator\documents\visual studio 2013\projects\newservice\newservice\debug\newservice.tlog\link.8372-rc.write.1.tlog
c:\users\administrator\documents\visual studio 2013\projects\newservice\newservice\debug\newservice.tlog\link.8372.read.1.tlog
c:\users\administrator\documents\visual studio 2013\projects\newservice\newservice\debug\newservice.tlog\link.8372.write.1.tlog
c:\users\administrator\documents\visual studio 2013\projects\newservice\newservice\debug\newservice.tlog\link.command.1.tlog
c:\users\administrator\documents\visual studio 2013\projects\newservice\newservice\debug\newservice.tlog\link.read.1.tlog
c:\users\administrator\documents\visual studio 2013\projects\newservice\newservice\debug\newservice.tlog\link.write.1.tlog
